<?xml version="1.0" encoding="UTF-8"?>
<testng-results ignored="0" total="1" passed="1" failed="0" skipped="0">
  <reporter-output>
  </reporter-output>
  <suite started-at="2022-12-21T12:37:55 IST" name="Suite" finished-at="2022-12-21T12:38:32 IST" duration-ms="36846">
    <groups>
    </groups>
    <test started-at="2022-12-21T12:37:55 IST" name="Test" finished-at="2022-12-21T12:38:32 IST" duration-ms="36846">
      <class name="com.urbanladder.testCases.BookshelvesTest">
        <test-method is-config="true" signature="setUp(java.lang.String)[pri:0, instance:com.urbanladder.testCases.BookshelvesTest@5fe94a96]" started-at="2022-12-21T12:37:56 IST" name="setUp" finished-at="2022-12-21T12:38:01 IST" duration-ms="5254" status="PASS">
          <params>
            <param index="0">
              <value>
                <![CDATA[chrome]]>
              </value>
            </param>
          </params>
          <reporter-output>
          </reporter-output>
        </test-method> <!-- setUp -->
        <test-method signature="TC01_GetBookShelvesBelow15999()[pri:0, instance:com.urbanladder.testCases.BookshelvesTest@5fe94a96]" started-at="2022-12-21T12:38:01 IST" name="TC01_GetBookShelvesBelow15999" finished-at="2022-12-21T12:38:31 IST" duration-ms="30252" status="PASS">
          <reporter-output>
          </reporter-output>
        </test-method> <!-- TC01_GetBookShelvesBelow15999 -->
        <test-method is-config="true" signature="tearDown()[pri:0, instance:com.urbanladder.testCases.BookshelvesTest@5fe94a96]" started-at="2022-12-21T12:38:31 IST" name="tearDown" finished-at="2022-12-21T12:38:32 IST" duration-ms="784" status="PASS">
          <reporter-output>
          </reporter-output>
        </test-method> <!-- tearDown -->
      </class> <!-- com.urbanladder.testCases.BookshelvesTest -->
    </test> <!-- Test -->
  </suite> <!-- Suite -->
</testng-results>
